Arguments: 
  /home/paz/.nvm/versions/node/v14.14.0/bin/node /home/paz/.nvm/versions/node/v14.14.0/bin/yarnpkg install

PATH: 
  /home/paz/.autojump/bin:/home/paz/.sdkman/candidates/springboot/current/bin:/home/paz/.sdkman/candidates/maven/current/bin:/home/paz/.sdkman/candidates/java/current/bin:/home/paz/.sdkman/candidates/gradle/current/bin:/home/paz/.local/bin:/home/paz/.nvm/versions/node/v14.14.0/bin:/usr/local/bin:/usr/bin:/bin:/usr/local/games:/usr/games:/home/paz/.fzf/bin

Yarn version: 
  1.22.10

Node version: 
  14.14.0

Platform: 
  linux x64

Trace: 
  Error: connect EHOSTUNREACH 20.201.28.151:443
      at TCPConnectWrap.afterConnect [as oncomplete] (net.js:1146:16)

npm manifest: 
  {
    "main": "node_modules/expo/AppEntry.js",
    "scripts": {
      "start": "expo start",
      "android": "expo start --android",
      "ios": "expo start --ios",
      "web": "expo start --web",
      "eject": "expo eject"
    },
    "dependencies": {
      "expo": "~42.0.1",
      "expo-status-bar": "~1.0.4",
      "react": "16.13.1",
      "react-dom": "16.13.1",
      "react-native": "https://github.com/expo/react-native/archive/sdk-42.0.0.tar.gz",
      "react-native-web": "~0.13.12"
    },
    "devDependencies": {
      "@babel/core": "^7.9.0"
    },
    "private": true
  }

yarn manifest: 
  No manifest

Lockfile: 
  No lockfile
